This is pdfTeX, Version 3.141592653-2.6-1.40.23 (MiKTeX 21.8) (preloaded format=pdflatex 2021.10.11)  20 JAN 2022 10:11
entering extended mode
**./verslag.tex
(verslag.tex
LaTeX2e <2021-06-01> patch level 1
L3 programming layer <2021-08-27>
(C:\Users\Brent\AppData\Local\Programs\MiKTeX\tex/latex/base\article.cls
Document Class: article 2021/02/12 v1.4n Standard LaTeX document class
(C:\Users\Brent\AppData\Local\Programs\MiKTeX\tex/latex/base\size10.clo
File: size10.clo 2021/02/12 v1.4n Standard LaTeX file (size option)
)
\c@part=\count182
\c@section=\count183
\c@subsection=\count184
\c@subsubsection=\count185
\c@paragraph=\count186
\c@subparagraph=\count187
\c@figure=\count188
\c@table=\count189
\abovecaptionskip=\skip47
\belowcaptionskip=\skip48
\bibindent=\dimen138
)
(C:\Users\Brent\AppData\Local\Programs\MiKTeX\tex/latex/graphics\graphicx.sty
Package: graphicx 2020/12/05 v1.2c Enhanced LaTeX Graphics (DPC,SPQR)

(C:\Users\Brent\AppData\Local\Programs\MiKTeX\tex/latex/graphics\keyval.sty
Package: keyval 2014/10/28 v1.15 key=value parser (DPC)
\KV@toks@=\toks16
)
(C:\Users\Brent\AppData\Local\Programs\MiKTeX\tex/latex/graphics\graphics.sty
Package: graphics 2021/03/04 v1.4d Standard LaTeX Graphics (DPC,SPQR)

(C:\Users\Brent\AppData\Local\Programs\MiKTeX\tex/latex/graphics\trig.sty
Package: trig 2016/01/03 v1.10 sin cos tan (DPC)
)
(C:\Users\Brent\AppData\Local\Programs\MiKTeX\tex/latex/graphics-cfg\graphics.c
fg
File: graphics.cfg 2016/06/04 v1.11 sample graphics configuration
)
Package graphics Info: Driver file: pdftex.def on input line 107.

(C:\Users\Brent\AppData\Local\Programs\MiKTeX\tex/latex/graphics-def\pdftex.def
File: pdftex.def 2020/10/05 v1.2a Graphics/color driver for pdftex
))
\Gin@req@height=\dimen139
\Gin@req@width=\dimen140
)
(C:\Users\Brent\AppData\Local\Programs\MiKTeX\tex/latex/appendix\appendix.sty
Package: appendix 2020/02/08 v1.2c extra appendix facilities
\c@@pps=\count190
\c@@ppsavesec=\count191
\c@@ppsaveapp=\count192
)
(C:\Users\Brent\AppData\Local\Programs\MiKTeX\tex/latex/tools\array.sty
Package: array 2021/04/20 v2.5e Tabular extension package (FMi)
\col@sep=\dimen141
\ar@mcellbox=\box50
\extrarowheight=\dimen142
\NC@list=\toks17
\extratabsurround=\skip49
\backup@length=\skip50
\ar@cellbox=\box51
)
(C:\Users\Brent\AppData\Local\Programs\MiKTeX\tex/latex/listings\listings.sty
\lst@mode=\count193
\lst@gtempboxa=\box52
\lst@token=\toks18
\lst@length=\count194
\lst@currlwidth=\dimen143
\lst@column=\count195
\lst@pos=\count196
\lst@lostspace=\dimen144
\lst@width=\dimen145
\lst@newlines=\count197
\lst@lineno=\count198
\lst@maxwidth=\dimen146

(C:\Users\Brent\AppData\Local\Programs\MiKTeX\tex/latex/listings\lstmisc.sty
File: lstmisc.sty 2020/03/24 1.8d (Carsten Heinz)
\c@lstnumber=\count199
\lst@skipnumbers=\count266
\lst@framebox=\box53
)
(C:\Users\Brent\AppData\Local\Programs\MiKTeX\tex/latex/listings\listings.cfg
File: listings.cfg 2020/03/24 1.8d listings configuration
))
Package: listings 2020/03/24 1.8d (Carsten Heinz)

(C:\Users\Brent\AppData\Local\Programs\MiKTeX\tex/latex/l3backend\l3backend-pdf
tex.def
File: l3backend-pdftex.def 2021-08-04 L3 backend support: PDF output (pdfTeX)
\l__color_backend_stack_int=\count267
\l__pdf_internal_box=\box54
) (verslag.aux)
\openout1 = `verslag.aux'.

LaTeX Font Info:    Checking defaults for OML/cmm/m/it on input line 12.
LaTeX Font Info:    ... okay on input line 12.
LaTeX Font Info:    Checking defaults for OMS/cmsy/m/n on input line 12.
LaTeX Font Info:    ... okay on input line 12.
LaTeX Font Info:    Checking defaults for OT1/cmr/m/n on input line 12.
LaTeX Font Info:    ... okay on input line 12.
LaTeX Font Info:    Checking defaults for T1/cmr/m/n on input line 12.
LaTeX Font Info:    ... okay on input line 12.
LaTeX Font Info:    Checking defaults for TS1/cmr/m/n on input line 12.
LaTeX Font Info:    ... okay on input line 12.
LaTeX Font Info:    Checking defaults for OMX/cmex/m/n on input line 12.
LaTeX Font Info:    ... okay on input line 12.
LaTeX Font Info:    Checking defaults for U/cmr/m/n on input line 12.
LaTeX Font Info:    ... okay on input line 12.

(C:\Users\Brent\AppData\Local\Programs\MiKTeX\tex/context/base/mkii\supp-pdf.mk
ii
[Loading MPS to PDF converter (version 2006.09.02).]
\scratchcounter=\count268
\scratchdimen=\dimen147
\scratchbox=\box55
\nofMPsegments=\count269
\nofMParguments=\count270
\everyMPshowfont=\toks19
\MPscratchCnt=\count271
\MPscratchDim=\dimen148
\MPnumerator=\count272
\makeMPintoPDFobject=\count273
\everyMPtoPDFconversion=\toks20
)
(C:\Users\Brent\AppData\Local\Programs\MiKTeX\tex/latex/epstopdf-pkg\epstopdf-b
ase.sty
Package: epstopdf-base 2020-01-24 v2.11 Base part for package epstopdf
Package epstopdf-base Info: Redefining graphics rule for `.eps' on input line 4
85.

(C:\Users\Brent\AppData\Local\Programs\MiKTeX\tex/latex/00miktex\epstopdf-sys.c
fg
File: epstopdf-sys.cfg 2021/03/18 v2.0 Configuration of epstopdf for MiKTeX
))
\c@lstlisting=\count274
LaTeX Font Info:    External font `cmex10' loaded for size
(Font)              <12> on input line 13.
LaTeX Font Info:    External font `cmex10' loaded for size
(Font)              <8> on input line 13.
LaTeX Font Info:    External font `cmex10' loaded for size
(Font)              <6> on input line 13.
LaTeX Font Info:    External font `cmex10' loaded for size
(Font)              <7> on input line 17.
LaTeX Font Info:    External font `cmex10' loaded for size
(Font)              <5> on input line 17.
 [1

{C:/Users/Brent/AppData/Local/MiKTeX/pdftex/config/pdftex.map}]
(verslag.toc [2

])
\tf@toc=\write3
\openout3 = `verslag.toc'.

 [3] [4

] [5] [6] [7] [8] [9]
Overfull \hbox (2.55498pt too wide) in paragraph at lines 379--380
[]\OT1/cmr/m/n/10 We also per-formed some man-ual checks on Small-SQL files by 
cross-referencing
 []

[10] [11] [12] (verslag.bbl) [13]
<./img//vis_menu.png, id=54, 1033.61156pt x 354.57469pt>
File: ./img//vis_menu.png Graphic file (type png)
<use ./img//vis_menu.png>
Package pdftex.def Info: ./img//vis_menu.png  used on input line 470.
(pdftex.def)             Requested size: 401.49818pt x 150.5651pt.

Overfull \hbox (56.49818pt too wide) in paragraph at lines 470--471
 [][] 
 []

<./img//hsqldb_unitsizes.png, id=56, 1902.10625pt x 627.34375pt>
File: ./img//hsqldb_unitsizes.png Graphic file (type png)
<use ./img//hsqldb_unitsizes.png>
Package pdftex.def Info: ./img//hsqldb_unitsizes.png  used on input line 483.
(pdftex.def)             Requested size: 401.48576pt x 150.56557pt.

Overfull \hbox (56.48576pt too wide) in paragraph at lines 483--484
 [][] 
 []

<./img//hsqldb_coc.png, id=57, 1893.0725pt x 627.34375pt>
File: ./img//hsqldb_coc.png Graphic file (type png)
<use ./img//hsqldb_coc.png>
Package pdftex.def Info: ./img//hsqldb_coc.png  used on input line 490.
(pdftex.def)             Requested size: 401.48544pt x 150.56557pt.

Overfull \hbox (56.48544pt too wide) in paragraph at lines 490--491
 [][] 
 []

[14

 <./img//vis_menu.png>] [15 <./img//hsqldb_unitsizes.png> <./img//hsqldb_coc.pn
g>]
<./img//hsqldb_unitsizes_cat.png, id=67, 1903.11pt x 626.34pt>
File: ./img//hsqldb_unitsizes_cat.png Graphic file (type png)
<use ./img//hsqldb_unitsizes_cat.png>
Package pdftex.def Info: ./img//hsqldb_unitsizes_cat.png  used on input line 50
4.
(pdftex.def)             Requested size: 401.49435pt x 125.46648pt.

Overfull \hbox (56.49435pt too wide) in paragraph at lines 504--505
 [][] 
 []

<./img//hsqldb_coc_cat.png, id=68, 1902.10625pt x 620.3175pt>
File: ./img//hsqldb_coc_cat.png Graphic file (type png)
<use ./img//hsqldb_coc_cat.png>
Package pdftex.def Info: ./img//hsqldb_coc_cat.png  used on input line 511.
(pdftex.def)             Requested size: 401.48576pt x 125.46216pt.

Overfull \hbox (56.48576pt too wide) in paragraph at lines 511--512
 [][] 
 []

<./img//hsqldb_duplication.png, id=69, 1910.13625pt x 624.3325pt>
File: ./img//hsqldb_duplication.png Graphic file (type png)
<use ./img//hsqldb_duplication.png>
Package pdftex.def Info: ./img//hsqldb_duplication.png  used on input line 522.

(pdftex.def)             Requested size: 401.4902pt x 150.55734pt.

Overfull \hbox (56.4902pt too wide) in paragraph at lines 522--523
 [][] 
 []

<./img//smallsql_duplication_cat.png, id=70, 1905.1175pt x 617.30624pt>
File: ./img//smallsql_duplication_cat.png Graphic file (type png)
<use ./img//smallsql_duplication_cat.png>
Package pdftex.def Info: ./img//smallsql_duplication_cat.png  used on input lin
e 529.
(pdftex.def)             Requested size: 401.48183pt x 150.55844pt.

Overfull \hbox (56.48183pt too wide) in paragraph at lines 529--530
 [][] 
 []

[16

 <./img//hsqldb_unitsizes_cat.png> <./img//hsqldb_coc_cat.png>] [17 <./img//hsq
ldb_duplication.png> <./img//smallsql_duplication_cat.png>] [18

]
(C:\Users\Brent\AppData\Local\Programs\MiKTeX\tex/latex/listings\lstlang1.sty
File: lstlang1.sty 2020/03/24 1.8d listings language file
)
LaTeX Font Info:    Trying to load font information for OMS+cmr on input line 6
19.

(C:\Users\Brent\AppData\Local\Programs\MiKTeX\tex/latex/base\omscmr.fd
File: omscmr.fd 2019/12/16 v2.5j Standard LaTeX font definitions
)
LaTeX Font Info:    Font shape `OMS/cmr/m/n' in size <10> not available
(Font)              Font shape `OMS/cmsy/m/n' tried instead on input line 619.

[19]
Overfull \hbox (81.00433pt too wide) in paragraph at lines 643--644
[][][][][][][][][][][][][][][][][][][][][][][][][][] 
 []

[20]
Overfull \hbox (3.00354pt too wide) in paragraph at lines 687--688
[][][][][][][][][][][][][][][][] 
 []


Overfull \hbox (3.00354pt too wide) in paragraph at lines 697--698
[][][][][][][][][][][][][][][][] 
 []

[21] [22] (verslag.aux) ) 
Here is how much of TeX's memory you used:
 3241 strings out of 478927
 47335 string characters out of 2852534
 559018 words of memory out of 3000000
 21093 multiletter control sequences out of 15000+600000
 409517 words of font info for 47 fonts, out of 8000000 for 9000
 1141 hyphenation exceptions out of 8191
 57i,11n,66p,740b,1671s stack positions out of 5000i,500n,10000p,200000b,80000s
 <C:\Users\Brent\AppData\Local\MiKTeX\fonts/pk/ljfour/
jknappen/ec/dpi600\tcti1000.pk> <C:\Users\Brent\AppData\Local\MiKTeX\fonts/pk/l
jfour/jknappen/ec/dpi600\tcrm1000.pk><C:/Users/Brent/AppData/Local/Programs/MiK
TeX/fonts/type1/public/amsfonts/cm/cmbx10.pfb><C:/Users/Brent/AppData/Local/Pro
grams/MiKTeX/fonts/type1/public/amsfonts/cm/cmbx12.pfb><C:/Users/Brent/AppData/
Local/Programs/MiKTeX/fonts/type1/public/amsfonts/cm/cmr10.pfb><C:/Users/Brent/
AppData/Local/Programs/MiKTeX/fonts/type1/public/amsfonts/cm/cmr12.pfb><C:/User
s/Brent/AppData/Local/Programs/MiKTeX/fonts/type1/public/amsfonts/cm/cmr17.pfb>
<C:/Users/Brent/AppData/Local/Programs/MiKTeX/fonts/type1/public/amsfonts/cm/cm
r6.pfb><C:/Users/Brent/AppData/Local/Programs/MiKTeX/fonts/type1/public/amsfont
s/cm/cmr7.pfb><C:/Users/Brent/AppData/Local/Programs/MiKTeX/fonts/type1/public/
amsfonts/cm/cmr8.pfb><C:/Users/Brent/AppData/Local/Programs/MiKTeX/fonts/type1/
public/amsfonts/cm/cmsy10.pfb><C:/Users/Brent/AppData/Local/Programs/MiKTeX/fon
ts/type1/public/amsfonts/cm/cmti10.pfb><C:/Users/Brent/AppData/Local/Programs/M
iKTeX/fonts/type1/public/amsfonts/cm/cmtt10.pfb>
Output written on verslag.pdf (22 pages, 663196 bytes).
PDF statistics:
 154 PDF objects out of 1000 (max. 8388607)
 0 named destinations out of 1000 (max. 500000)
 36 words of extra memory for PDF output out of 10000 (max. 10000000)

